<?xml version="1.0" encoding="UTF-8"?>
<!-- Generated by org.testng.reporters.JUnitReportReporter -->
<testsuite hostname="DESKTOP-7SNL7GR" failures="0" tests="1" name="Authentication.BasicAuth" time="7.977" errors="0" timestamp="2023-01-02T11:01:30 IST" skipped="0">
  <testcase classname="Authentication.BasicAuth" name="basicAuth" time="7.977"/>
  <system-out/>
</testsuite> <!-- Authentication.BasicAuth -->
