<?xml version="1.0" encoding="UTF-8"?>
<!-- Generated by org.testng.reporters.JUnitReportReporter -->
<testsuite hostname="DESKTOP-7SNL7GR" failures="0" tests="1" name="reqressCRUDOperationWithBDD.CreateUserTest" time="4.366" errors="0" timestamp="2022-12-31T01:35:23 IST" skipped="0">
  <testcase classname="reqressCRUDOperationWithBDD.CreateUserTest" name="createUser" time="4.366"/>
  <system-out/>
</testsuite> <!-- reqressCRUDOperationWithBDD.CreateUserTest -->
