<?xml version="1.0" encoding="UTF-8"?>
<!-- Generated by org.testng.reporters.JUnitReportReporter -->
<testsuite hostname="DESKTOP-7SNL7GR" failures="0" tests="1" name="serilizationAndDeserilization.DeserializationOfEmpDetails" time="0.566" errors="0" timestamp="2023-01-03T00:14:16 IST" skipped="0">
  <testcase classname="serilizationAndDeserilization.DeserializationOfEmpDetails" name="deserializationOfEmpDetails" time="0.566"/>
  <system-out/>
</testsuite> <!-- serilizationAndDeserilization.DeserializationOfEmpDetails -->
