<?xml version="1.0" encoding="UTF-8"?>
<!-- Generated by org.testng.reporters.JUnitReportReporter -->
<testsuite hostname="DESKTOP-7SNL7GR" failures="0" tests="1" name="pojoClass.PostOperationOfPojo" time="3.544" errors="0" timestamp="2022-12-29T12:59:02 IST" skipped="0">
  <testcase classname="pojoClass.PostOperationOfPojo" name="postOperationPojo" time="3.544"/>
  <system-out/>
</testsuite> <!-- pojoClass.PostOperationOfPojo -->
