<?xml version="1.0" encoding="UTF-8"?>
<!-- Generated by org.testng.reporters.JUnitReportReporter -->
<testsuite hostname="DESKTOP-7SNL7GR" failures="0" tests="1" name="serilizationAndDeserilization.DeserlizationSerilizationOfEmpDetailsUsingArray" time="0.605" errors="0" timestamp="2022-12-26T18:00:46 IST" skipped="0">
  <testcase classname="serilizationAndDeserilization.DeserlizationSerilizationOfEmpDetailsUsingArray" name="deserlizationSerilizationOfEmpDetailsUsing" time="0.605"/>
  <system-out/>
</testsuite> <!-- serilizationAndDeserilization.DeserlizationSerilizationOfEmpDetailsUsingArray -->
