<?xml version="1.0" encoding="UTF-8"?>
<!-- Generated by org.testng.reporters.JUnitReportReporter -->
<testsuite hostname="DESKTOP-7SNL7GR" failures="0" tests="1" name="reqresCRUDOperation.CreateUpateTest" time="7.084" errors="0" timestamp="2022-12-31T00:09:02 IST" skipped="0">
  <testcase classname="reqresCRUDOperation.CreateUpateTest" name="updateUser" time="7.084"/>
  <system-out/>
</testsuite> <!-- reqresCRUDOperation.CreateUpateTest -->
