<?xml version="1.0" encoding="UTF-8"?>
<!-- Generated by org.testng.reporters.JUnitReportReporter -->
<testsuite hostname="DESKTOP-7SNL7GR" failures="0" tests="1" name="serilizationAndDeserilization.EmployeeDeatailsWithObjectspou" time="0.577" errors="0" timestamp="2022-12-27T00:51:34 IST" skipped="0">
  <testcase classname="serilizationAndDeserilization.EmployeeDeatailsWithObjectspou" name="employeeDeatailsWithObject" time="0.577"/>
  <system-out/>
</testsuite> <!-- serilizationAndDeserilization.EmployeeDeatailsWithObjectspou -->
