<?xml version="1.0" encoding="UTF-8"?>
<!-- Generated by org.testng.reporters.JUnitReportReporter -->
<testsuite hostname="DESKTOP-7SNL7GR" failures="0" tests="1" name="crudOperationWithBDD.GetOperation" time="3.050" errors="0" timestamp="2022-12-27T17:41:03 IST" skipped="0">
  <testcase classname="crudOperationWithBDD.GetOperation" name="operationGet" time="3.050"/>
  <system-out/>
</testsuite> <!-- crudOperationWithBDD.GetOperation -->
