<?xml version="1.0" encoding="UTF-8"?>
<!-- Generated by org.testng.reporters.JUnitReportReporter -->
<testsuite hostname="DESKTOP-7SNL7GR" failures="0" tests="1" name="cRUDOperationUsingBaseClass.GetOperationUsingBaseClass" time="2.278" errors="0" timestamp="2023-01-04T15:14:05 IST" skipped="0">
  <testcase classname="cRUDOperationUsingBaseClass.GetOperationUsingBaseClass" name="getOperation" time="2.278"/>
  <system-out/>
</testsuite> <!-- cRUDOperationUsingBaseClass.GetOperationUsingBaseClass -->
