<?xml version="1.0" encoding="UTF-8"?>
<!-- Generated by org.testng.reporters.JUnitReportReporter -->
<testsuite hostname="DESKTOP-7SNL7GR" failures="0" tests="1" name="ResponseValidation.GetAllResponseValidation" time="6.188" errors="0" timestamp="2023-01-02T11:22:26 IST" skipped="0">
  <testcase classname="ResponseValidation.GetAllResponseValidation" name="getAllUsers" time="6.188"/>
  <system-out/>
</testsuite> <!-- ResponseValidation.GetAllResponseValidation -->
