<?xml version="1.0" encoding="UTF-8"?>
<!-- Generated by org.testng.reporters.JUnitReportReporter -->
<testsuite hostname="DESKTOP-7SNL7GR" failures="0" tests="1" name="differntwaysOfPost.UsingHashMap" time="3.306" errors="0" timestamp="2022-12-29T13:12:46 IST" skipped="0">
  <testcase classname="differntwaysOfPost.UsingHashMap" name="operationPost" time="3.306"/>
  <system-out/>
</testsuite> <!-- differntwaysOfPost.UsingHashMap -->
