<?xml version="1.0" encoding="UTF-8"?>
<!-- Generated by org.testng.reporters.JUnitReportReporter -->
<testsuite hostname="DESKTOP-7SNL7GR" failures="0" tests="1" name="crudOperationWithBDD.DeleteOperationWithBDDTest" time="3.802" errors="0" timestamp="2022-12-28T11:10:45 IST" skipped="0">
  <testcase classname="crudOperationWithBDD.DeleteOperationWithBDDTest" name="deleteOperation" time="3.802"/>
  <system-out/>
</testsuite> <!-- crudOperationWithBDD.DeleteOperationWithBDDTest -->
