<?xml version="1.0" encoding="UTF-8"?>
<!-- Generated by org.testng.reporters.JUnitReportReporter -->
<testsuite hostname="DESKTOP-7SNL7GR" failures="0" tests="1" name="Multipart.UploadFile1" time="13.547" errors="0" timestamp="2023-01-03T17:24:01 IST" skipped="0">
  <testcase classname="Multipart.UploadFile1" name="multipart" time="13.547"/>
  <system-out/>
</testsuite> <!-- Multipart.UploadFile1 -->
