<?xml version="1.0" encoding="UTF-8"?>
<!-- Generated by org.testng.reporters.JUnitReportReporter -->
<testsuite hostname="DESKTOP-7SNL7GR" failures="0" tests="1" name="ResponseValidation.DynamicResponseValidation" time="3.522" errors="0" timestamp="2023-01-02T11:55:00 IST" skipped="0">
  <testcase classname="ResponseValidation.DynamicResponseValidation" name="dynamicValidation" time="3.522"/>
  <system-out/>
</testsuite> <!-- ResponseValidation.DynamicResponseValidation -->
