<?xml version="1.0" encoding="UTF-8"?>
<!-- Generated by org.testng.reporters.JUnitReportReporter -->
<testsuite hostname="DESKTOP-7SNL7GR" failures="0" tests="1" name="reqresCRUDOperation.DeleteUser" time="4.745" errors="0" timestamp="2022-12-31T00:15:34 IST" skipped="0">
  <testcase classname="reqresCRUDOperation.DeleteUser" name="deleteUser" time="4.745"/>
  <system-out/>
</testsuite> <!-- reqresCRUDOperation.DeleteUser -->
