<?xml version="1.0" encoding="UTF-8"?>
<!-- Generated by org.testng.reporters.JUnitReportReporter -->
<testsuite hostname="DESKTOP-7SNL7GR" failures="0" tests="1" name="serilizationAndDeserilization.SerilizationOfEmpDetails" time="0.561" errors="0" timestamp="2023-01-03T00:12:20 IST" skipped="0">
  <testcase classname="serilizationAndDeserilization.SerilizationOfEmpDetails" name="serilizationOfEmpDeatails" time="0.561"/>
  <system-out/>
</testsuite> <!-- serilizationAndDeserilization.SerilizationOfEmpDetails -->
