<?xml version="1.0" encoding="UTF-8"?>
<!-- Generated by org.testng.reporters.JUnitReportReporter -->
<testsuite hostname="DESKTOP-7SNL7GR" failures="0" tests="1" name="cRUDOperationUsingBaseClass.PostDataUsingBaseClass" time="2.352" errors="0" timestamp="2023-01-04T13:18:39 IST" skipped="0">
  <testcase classname="cRUDOperationUsingBaseClass.PostDataUsingBaseClass" name="postOperation" time="2.352"/>
  <system-out/>
</testsuite> <!-- cRUDOperationUsingBaseClass.PostDataUsingBaseClass -->
