<?xml version="1.0" encoding="UTF-8"?>
<!-- Generated by org.testng.reporters.JUnitReportReporter -->
<testsuite hostname="DESKTOP-7SNL7GR" failures="0" tests="1" name="reqressCRUDOperationWithBDD.GetAllUserTest" time="5.044" errors="0" timestamp="2022-12-31T00:47:28 IST" skipped="0">
  <testcase classname="reqressCRUDOperationWithBDD.GetAllUserTest" name="getAllUsers" time="5.044"/>
  <system-out/>
</testsuite> <!-- reqressCRUDOperationWithBDD.GetAllUserTest -->
