<?xml version="1.0" encoding="UTF-8"?>
<!-- Generated by org.testng.reporters.JUnitReportReporter -->
<testsuite hostname="DESKTOP-7SNL7GR" failures="0" tests="1" name="serilizationAndDeserilization.SerilizationOfEmpDetailsUsingTwoArray" time="0.578" errors="0" timestamp="2022-12-27T08:13:11 IST" skipped="0">
  <testcase classname="serilizationAndDeserilization.SerilizationOfEmpDetailsUsingTwoArray" name="serilizationOfEmpDetailsUsingTwoArray" time="0.578"/>
  <system-out/>
</testsuite> <!-- serilizationAndDeserilization.SerilizationOfEmpDetailsUsingTwoArray -->
