<?xml version="1.0" encoding="UTF-8"?>
<!-- Generated by org.testng.reporters.JUnitReportReporter -->
<testsuite hostname="DESKTOP-7SNL7GR" failures="0" tests="1" name="cRUDwithoutBDD.PutOperation" time="4.399" errors="0" timestamp="2023-01-03T06:47:01 IST" skipped="0">
  <testcase classname="cRUDwithoutBDD.PutOperation" name="putOperation" time="4.399"/>
  <system-out/>
</testsuite> <!-- cRUDwithoutBDD.PutOperation -->
