<?xml version="1.0" encoding="UTF-8"?>
<!-- Generated by org.testng.reporters.JUnitReportReporter -->
<testsuite hostname="DESKTOP-7SNL7GR" failures="0" tests="1" name="ResponseValidation.ResponseBodyContainsValidation" time="2.379" errors="0" timestamp="2023-01-02T11:41:08 IST" skipped="0">
  <testcase classname="ResponseValidation.ResponseBodyContainsValidation" name="validDation" time="2.379"/>
  <system-out/>
</testsuite> <!-- ResponseValidation.ResponseBodyContainsValidation -->
