<?xml version="1.0" encoding="UTF-8"?>
<!-- Generated by org.testng.reporters.JUnitReportReporter -->
<testsuite hostname="DESKTOP-7SNL7GR" failures="0" tests="1" name="cRUDwithoutBDD.AddNewProject" time="4.562" errors="0" timestamp="2023-01-03T06:31:27 IST" skipped="0">
  <testcase classname="cRUDwithoutBDD.AddNewProject" name="addNewProject" time="4.562"/>
  <system-out/>
</testsuite> <!-- cRUDwithoutBDD.AddNewProject -->
