<?xml version="1.0" encoding="UTF-8"?>
<!-- Generated by org.testng.reporters.JUnitReportReporter -->
<testsuite hostname="DESKTOP-7SNL7GR" failures="0" tests="1" name="Authentication.Auth2Test" time="8.252" errors="0" timestamp="2023-01-03T10:43:38 IST" skipped="0">
  <testcase classname="Authentication.Auth2Test" name="auth" time="8.252"/>
  <system-out/>
</testsuite> <!-- Authentication.Auth2Test -->
