<?xml version="1.0" encoding="UTF-8"?>
<!-- Generated by org.testng.reporters.JUnitReportReporter -->
<testsuite hostname="DESKTOP-7SNL7GR" failures="0" tests="2" name="DataProvider.AddProjectDataProvider" time="4.682" errors="0" timestamp="2022-12-29T15:28:04 IST" skipped="0">
  <testcase classname="DataProvider.AddProjectDataProvider" name="addProject" time="0.196"/>
  <system-out/>
  <testcase classname="DataProvider.AddProjectDataProvider" name="addProject" time="4.486"/>
  <system-out/>
</testsuite> <!-- DataProvider.AddProjectDataProvider -->
