<?xml version="1.0" encoding="UTF-8"?>
<!-- Generated by org.testng.reporters.JUnitReportReporter -->
<testsuite hostname="DESKTOP-7SNL7GR" failures="0" tests="1" name="cRUDwithoutBDD.GetProjectTest" time="3.011" errors="0" timestamp="2022-12-27T13:11:30 IST" skipped="0">
  <testcase classname="cRUDwithoutBDD.GetProjectTest" name="get" time="3.011"/>
  <system-out/>
</testsuite> <!-- cRUDwithoutBDD.GetProjectTest -->
