<?xml version="1.0" encoding="UTF-8"?>
<!-- Generated by org.testng.reporters.JUnitReportReporter -->
<testsuite hostname="DESKTOP-7SNL7GR" failures="0" tests="1" name="crudOperationWithBDD.PostOperation" time="3.761" errors="0" timestamp="2023-01-03T07:06:04 IST" skipped="0">
  <testcase classname="crudOperationWithBDD.PostOperation" name="operationPost" time="3.761"/>
  <system-out/>
</testsuite> <!-- crudOperationWithBDD.PostOperation -->
