<?xml version="1.0" encoding="UTF-8"?>
<!-- Generated by org.testng.reporters.JUnitReportReporter -->
<testsuite hostname="DESKTOP-7SNL7GR" failures="0" tests="1" name="cRUDwithoutBDD.DeleteObject" time="4.063" errors="0" timestamp="2022-12-27T15:43:46 IST" skipped="0">
  <testcase classname="cRUDwithoutBDD.DeleteObject" name="deleteObject" time="4.063"/>
  <system-out/>
</testsuite> <!-- cRUDwithoutBDD.DeleteObject -->
