<?xml version="1.0" encoding="UTF-8"?>
<!-- Generated by org.testng.reporters.JUnitReportReporter -->
<testsuite hostname="DESKTOP-7SNL7GR" failures="0" tests="1" name="cRUDwithoutBDD.AddNewProjects" time="4.360" errors="0" timestamp="2023-01-03T06:39:16 IST" skipped="0">
  <testcase classname="cRUDwithoutBDD.AddNewProjects" name="addNewProjects" time="4.360"/>
  <system-out/>
</testsuite> <!-- cRUDwithoutBDD.AddNewProjects -->
