<?xml version="1.0" encoding="UTF-8"?>
<!-- Generated by org.testng.reporters.JUnitReportReporter -->
<testsuite hostname="DESKTOP-7SNL7GR" failures="0" tests="2" name="WriteResponseInTextFile.AsString" time="3.702" errors="0" timestamp="2023-01-03T15:23:29 IST" skipped="0">
  <testcase classname="WriteResponseInTextFile.AsString" name="As" time="3.625"/>
  <system-out/>
  <testcase classname="WriteResponseInTextFile.AsString" name="usingInputStream" time="0.077"/>
  <system-out/>
</testsuite> <!-- WriteResponseInTextFile.AsString -->
