<?xml version="1.0" encoding="UTF-8"?>
<!-- Generated by org.testng.reporters.JUnitReportReporter -->
<testsuite hostname="DESKTOP-7SNL7GR" failures="0" tests="1" name="ResponseValidation.RequestChainings" time="3.349" errors="0" timestamp="2023-01-02T15:52:49 IST" skipped="0">
  <testcase classname="ResponseValidation.RequestChainings" name="chaining" time="3.349"/>
  <system-out/>
</testsuite> <!-- ResponseValidation.RequestChainings -->
