<?xml version="1.0" encoding="UTF-8"?>
<!-- Generated by org.testng.reporters.JUnitReportReporter -->
<testsuite hostname="DESKTOP-7SNL7GR" failures="0" tests="1" name="Authentication.TimeValidation" time="4.022" errors="0" timestamp="2023-01-03T10:59:18 IST" skipped="0">
  <testcase classname="Authentication.TimeValidation" name="time" time="4.022"/>
  <system-out/>
</testsuite> <!-- Authentication.TimeValidation -->
