<?xml version="1.0" encoding="UTF-8"?>
<!-- Generated by org.testng.reporters.JUnitReportReporter -->
<testsuite hostname="DESKTOP-7SNL7GR" failures="0" tests="1" name="serilizationAndDeserilization.SerilizationOfEmpDetailsUsingArray" time="0.582" errors="0" timestamp="2022-12-26T18:00:11 IST" skipped="0">
  <testcase classname="serilizationAndDeserilization.SerilizationOfEmpDetailsUsingArray" name="serilizationOfEmpDetailusingarray" time="0.582"/>
  <system-out/>
</testsuite> <!-- serilizationAndDeserilization.SerilizationOfEmpDetailsUsingArray -->
