<?xml version="1.0" encoding="UTF-8"?>
<!-- Generated by org.testng.reporters.JUnitReportReporter -->
<testsuite hostname="DESKTOP-7SNL7GR" failures="0" tests="1" name="ResponseValidation.RequestChaining" time="6.238" errors="0" timestamp="2022-12-31T17:00:25 IST" skipped="0">
  <testcase classname="ResponseValidation.RequestChaining" name="requestChainingTestGetAndDelete" time="6.238"/>
  <system-out/>
</testsuite> <!-- ResponseValidation.RequestChaining -->
