<?xml version="1.0" encoding="UTF-8"?>
<!-- Generated by org.testng.reporters.JUnitReportReporter -->
<testsuite hostname="DESKTOP-7SNL7GR" failures="0" tests="2" name="DataProvider.AddProjectUsingExcel" time="3.899" errors="0" timestamp="2023-01-04T15:59:46 IST" skipped="0">
  <testcase classname="DataProvider.AddProjectUsingExcel" name="addProjectExcel" time="3.768"/>
  <system-out/>
  <testcase classname="DataProvider.AddProjectUsingExcel" name="addProjectExcel" time="0.131"/>
  <system-out/>
</testsuite> <!-- DataProvider.AddProjectUsingExcel -->
