<?xml version="1.0" encoding="UTF-8"?>
<!-- Generated by org.testng.reporters.JUnitReportReporter -->
<testsuite hostname="DESKTOP-7SNL7GR" failures="0" tests="1" name="Authentication.BearerToken" time="4.651" errors="0" timestamp="2023-01-02T16:28:37 IST" skipped="0">
  <testcase classname="Authentication.BearerToken" name="token" time="4.651"/>
  <system-out/>
</testsuite> <!-- Authentication.BearerToken -->
