<?xml version="1.0" encoding="UTF-8"?>
<!-- Generated by org.testng.reporters.JUnitReportReporter -->
<testsuite hostname="DESKTOP-7SNL7GR" failures="0" tests="1" name="Authentication.AuthenticationTest" time="2.042" errors="0" timestamp="2023-01-02T16:10:45 IST" skipped="0">
  <testcase classname="Authentication.AuthenticationTest" name="preamtiveAuth" time="2.042"/>
  <system-out/>
</testsuite> <!-- Authentication.AuthenticationTest -->
