<?xml version="1.0" encoding="UTF-8"?>
<!-- Generated by org.testng.reporters.JUnitReportReporter -->
<testsuite hostname="DESKTOP-7SNL7GR" failures="0" tests="1" name="Assertion.PostOperationAssertionResponseBody" time="3.102" errors="0" timestamp="2022-12-28T17:07:45 IST" skipped="0">
  <testcase classname="Assertion.PostOperationAssertionResponseBody" name="assertionBodyPost" time="3.102"/>
  <system-out/>
</testsuite> <!-- Assertion.PostOperationAssertionResponseBody -->
