<?xml version="1.0" encoding="UTF-8"?>
<!-- Generated by org.testng.reporters.JUnitReportReporter -->
<testsuite hostname="DESKTOP-7SNL7GR" failures="0" tests="1" name="Assertion.GetOperationRequress" time="4.615" errors="0" timestamp="2022-12-28T17:58:11 IST" skipped="0">
  <testcase classname="Assertion.GetOperationRequress" name="getOpeartion" time="4.615"/>
  <system-out/>
</testsuite> <!-- Assertion.GetOperationRequress -->
