<?xml version="1.0" encoding="UTF-8"?>
<!-- Generated by org.testng.reporters.JUnitReportReporter -->
<testsuite hostname="DESKTOP-7SNL7GR" failures="0" tests="1" name="crudOperationWithBDD.PutOperationUsingBody" time="4.888" errors="0" timestamp="2022-12-28T10:54:28 IST" skipped="0">
  <testcase classname="crudOperationWithBDD.PutOperationUsingBody" name="putOperation" time="4.888"/>
  <system-out/>
</testsuite> <!-- crudOperationWithBDD.PutOperationUsingBody -->
