<?xml version="1.0" encoding="UTF-8"?>
<!-- Generated by org.testng.reporters.JUnitReportReporter -->
<testsuite hostname="DESKTOP-7SNL7GR" failures="0" tests="1" name="WriteResponseInTextFile.ByteArr" time="4.621" errors="0" timestamp="2023-01-03T13:12:23 IST" skipped="0">
  <testcase classname="WriteResponseInTextFile.ByteArr" name="Arrbyte" time="4.621"/>
  <system-out/>
</testsuite> <!-- WriteResponseInTextFile.ByteArr -->
