<?xml version="1.0" encoding="UTF-8"?>
<!-- Generated by org.testng.reporters.JUnitReportReporter -->
<testsuite hostname="DESKTOP-7SNL7GR" failures="0" tests="1" name="cRUDOperationUsingBaseClass.GetSingleProject" time="2.692" errors="0" timestamp="2023-01-04T15:37:00 IST" skipped="0">
  <testcase classname="cRUDOperationUsingBaseClass.GetSingleProject" name="getSingleProj" time="2.692"/>
  <system-out/>
</testsuite> <!-- cRUDOperationUsingBaseClass.GetSingleProject -->
