<?xml version="1.0" encoding="UTF-8"?>
<!-- Generated by org.testng.reporters.JUnitReportReporter -->
<testsuite hostname="DESKTOP-7SNL7GR" failures="0" tests="1" name="serilizationAndDeserilization.DeSerilizationOfEmpDetailsUsingTwoArray" time="0.705" errors="0" timestamp="2023-01-03T00:09:31 IST" skipped="0">
  <testcase classname="serilizationAndDeserilization.DeSerilizationOfEmpDetailsUsingTwoArray" name="deSerilizationOfEmpDetailsUsingTwoArray" time="0.705"/>
  <system-out/>
</testsuite> <!-- serilizationAndDeserilization.DeSerilizationOfEmpDetailsUsingTwoArray -->
