<?xml version="1.0" encoding="UTF-8"?>
<!-- Generated by org.testng.reporters.JUnitReportReporter -->
<testsuite hostname="DESKTOP-7SNL7GR" failures="0" tests="1" name="ResponseValidation.ResponseValidationTest" time="6.128" errors="0" timestamp="2022-12-31T14:37:43 IST" skipped="0">
  <testcase classname="ResponseValidation.ResponseValidationTest" name="respBodyValidation" time="6.128"/>
  <system-out/>
</testsuite> <!-- ResponseValidation.ResponseValidationTest -->
