<?xml version="1.0" encoding="UTF-8"?>
<!-- Generated by org.testng.reporters.JUnitReportReporter -->
<testsuite hostname="DESKTOP-7SNL7GR" failures="0" tests="1" name="cRUDwithoutBDD.GetSingleProject" time="3.743" errors="0" timestamp="2023-01-03T06:53:15 IST" skipped="0">
  <testcase classname="cRUDwithoutBDD.GetSingleProject" name="singleProject" time="3.743"/>
  <system-out/>
</testsuite> <!-- cRUDwithoutBDD.GetSingleProject -->
