<?xml version="1.0" encoding="UTF-8"?>
<!-- Generated by org.testng.reporters.JUnitReportReporter -->
<testsuite hostname="DESKTOP-7SNL7GR" failures="0" tests="1" name="reqresCRUDOperation.CreateUserTest" time="6.165" errors="0" timestamp="2022-12-30T23:39:34 IST" skipped="0">
  <testcase classname="reqresCRUDOperation.CreateUserTest" name="createUser" time="6.165"/>
  <system-out/>
</testsuite> <!-- reqresCRUDOperation.CreateUserTest -->
